Using pre-set license
Built from '2021.1/staging' branch; Version is '2021.1.19f1 (5f5eb8bbdc25) revision 6250168'; Using compiler version '192528614'; Build Type 'Release'
OS: 'Windows 10 Home Single Language; OS build 19043.1165; Version 2009; 64bit' Language: 'es' Physical Memory: 12177 MB
BatchMode: 1, IsHumanControllingUs: 0, StartBugReporterOnCrash: 0, Is64bit: 1, IsPro: 0

COMMAND LINE ARGUMENTS:
C:\Users\danye\Documents\Untity\2021.1.19f1\Editor\Unity.exe
-adb2
-batchMode
-noUpm
-name
AssetImportWorker0
-projectPath
C:/Users/danye/Desktop/proyectos Unity/Clase 3 programacion
-logFile
Logs/AssetImportWorker0.log
-srvPort
62525
Successfully changed project path to: C:/Users/danye/Desktop/proyectos Unity/Clase 3 programacion
C:/Users/danye/Desktop/proyectos Unity/Clase 3 programacion
Using Asset Import Pipeline V2.
Refreshing native plugins compatible for Editor in 750.01 ms, found 3 plugins.
Preloading 0 native plugins for Editor in 0.00 ms.
Initialize engine version: 2021.1.19f1 (5f5eb8bbdc25)
[Subsystems] Discovering subsystems at path C:/Users/danye/Documents/Untity/2021.1.19f1/Editor/Data/Resources/UnitySubsystems
[Subsystems] Discovering subsystems at path C:/Users/danye/Desktop/proyectos Unity/Clase 3 programacion/Assets
GfxDevice: creating device client; threaded=0; jobified=0
Direct3D:
    Version:  Direct3D 11.0 [level 11.0]
    Renderer: NVIDIA GeForce 940MX (ID=0x134d)
    Vendor:   NVIDIA
    VRAM:     2010 MB
    Driver:   30.0.14.7168
Initialize mono
Mono path[0] = 'C:/Users/danye/Documents/Untity/2021.1.19f1/Editor/Data/Managed'
Mono path[1] = 'C:/Users/danye/Documents/Untity/2021.1.19f1/Editor/Data/MonoBleedingEdge/lib/mono/unityjit'
Mono config path = 'C:/Users/danye/Documents/Untity/2021.1.19f1/Editor/Data/MonoBleedingEdge/etc'
Using monoOptions --debugger-agent=transport=dt_socket,embedding=1,server=y,suspend=n,address=127.0.0.1:56552
Begin MonoManager ReloadAssembly
Registering precompiled unity dll's ...
Register platform support module: C:/Users/danye/Documents/Untity/2021.1.19f1/Editor/Data/PlaybackEngines/WebGLSupport/UnityEditor.WebGL.Extensions.dll
Register platform support module: C:/Users/danye/Documents/Untity/2021.1.19f1/Editor/Data/PlaybackEngines/WindowsStandaloneSupport/UnityEditor.WindowsStandalone.Extensions.dll
Registered in 0.009142 seconds.
Native extension for WindowsStandalone target not found
Native extension for WebGL target not found
Refreshing native plugins compatible for Editor in 383.84 ms, found 3 plugins.
Preloading 0 native plugins for Editor in 0.00 ms.
Mono: successfully reloaded assembly
- Completed reload, in  8.556 seconds
Domain Reload Profiling:
	ReloadAssembly (8557ms)
		BeginReloadAssembly (644ms)
			ExecutionOrderSort (0ms)
			DisableScriptedObjects (0ms)
			BackupInstance (0ms)
			ReleaseScriptingObjects (0ms)
			CreateAndSetChildDomain (1ms)
		EndReloadAssembly (1616ms)
			LoadAssemblies (641ms)
			RebuildTransferFunctionScriptingTraits (0ms)
			SetupTypeCache (545ms)
			ReleaseScriptCaches (0ms)
			RebuildScriptCaches (107ms)
			SetupLoadedEditorAssemblies (721ms)
				LogAssemblyErrors (0ms)
				InitializePlatformSupportModulesInManaged (13ms)
				SetLoadedEditorAssemblies (0ms)
				RefreshPlugins (384ms)
				BeforeProcessingInitializeOnLoad (4ms)
				ProcessInitializeOnLoadAttributes (256ms)
				ProcessInitializeOnLoadMethodAttributes (62ms)
				AfterProcessingInitializeOnLoad (0ms)
				EditorAssembliesLoaded (2ms)
			ExecutionOrderSort2 (0ms)
			AwakeInstancesAfterBackupRestoration (0ms)
Platform modules already initialized, skipping
Registering precompiled user dll's ...
Registered in 0.005265 seconds.
Begin MonoManager ReloadAssembly
Native extension for WindowsStandalone target not found
Native extension for WebGL target not found
Refreshing native plugins compatible for Editor in 84.37 ms, found 3 plugins.
Preloading 0 native plugins for Editor in 0.00 ms.
Mono: successfully reloaded assembly
- Completed reload, in  2.067 seconds
Domain Reload Profiling:
	ReloadAssembly (2068ms)
		BeginReloadAssembly (340ms)
			ExecutionOrderSort (0ms)
			DisableScriptedObjects (8ms)
			BackupInstance (0ms)
			ReleaseScriptingObjects (0ms)
			CreateAndSetChildDomain (33ms)
		EndReloadAssembly (1600ms)
			LoadAssemblies (242ms)
			RebuildTransferFunctionScriptingTraits (0ms)
			SetupTypeCache (558ms)
			ReleaseScriptCaches (1ms)
			RebuildScriptCaches (82ms)
			SetupLoadedEditorAssemblies (591ms)
				LogAssemblyErrors (0ms)
				InitializePlatformSupportModulesInManaged (7ms)
				SetLoadedEditorAssemblies (0ms)
				RefreshPlugins (85ms)
				BeforeProcessingInitializeOnLoad (103ms)
				ProcessInitializeOnLoadAttributes (350ms)
				ProcessInitializeOnLoadMethodAttributes (26ms)
				AfterProcessingInitializeOnLoad (18ms)
				EditorAssembliesLoaded (1ms)
			ExecutionOrderSort2 (0ms)
			AwakeInstancesAfterBackupRestoration (17ms)
Platform modules already initialized, skipping
========================================================================
Worker process is ready to serve import requests
Launched and connected shader compiler UnityShaderCompiler.exe after 0.16 seconds
Refreshing native plugins compatible for Editor in 0.62 ms, found 3 plugins.
Preloading 0 native plugins for Editor in 0.00 ms.
Unloading 2131 Unused Serialized files (Serialized files now loaded: 0)
System memory in use before: 97.9 MB.
System memory in use after: 98.0 MB.

Unloading 26 unused Assets to reduce memory usage. Loaded Objects now: 2587.
Total: 5.248200 ms (FindLiveObjects: 0.222700 ms CreateObjectMapping: 0.119600 ms MarkObjects: 4.819700 ms  DeleteObjects: 0.084300 ms)

AssetImportParameters requested are different than current active one (requested -> active):
  custom:framework-win-MediaFoundation: 216162199b28c13a410421893ffa2e32 -> 
  custom:video-decoder-ogg-theora: a1e56fd34408186e4bbccfd4996cb3dc -> 
  custom:container-muxer-webm: aa71ff27fc2769a1b78a27578f13a17b -> 
  custom:container-demuxer-webm: 4f35f7cbe854078d1ac9338744f61a02 -> 
  custom:container-demuxer-ogg: 62fdf1f143b41e24485cea50d1cbac27 -> 
  custom:video-encoder-webm-vp8: eb34c28f22e8b96e1ab97ce403110664 -> 
  custom:video-codec-MediaFoundation-h265: 746d11721c4dcdbdad8f713fa42b33f4 -> 
  custom:video-decoder-webm-vp8: 9c59270c3fd7afecdb556c50c9e8de78 -> 
  custom:audio-decoder-ogg-vorbis: bf7c407c2cedff20999df2af8eb42d56 -> 
  custom:audio-encoder-webm-vorbis: bf7c407c2cedff20999df2af8eb42d56 -> 
========================================================================
Received Import Request.
  path: Assets/Pelota.physicsMaterial2D
  artifactKey: Guid(80c99c3bfcc4cc34d8a0cf2f67e6acf1) Importer(815301076,1909f56bfc062723c751e8b465ee728b)
Start importing Assets/Pelota.physicsMaterial2D using Guid(80c99c3bfcc4cc34d8a0cf2f67e6acf1) Importer(815301076,1909f56bfc062723c751e8b465ee728b)  -> (artifact id: '90b767a5b4605ed99f0ee186f6545837') in 0.078880 seconds 
========================================================================
Received Import Request.
  Time since last request: 534.704837 seconds.
  path: Assets/Scenes/game.unity
  artifactKey: Guid(2cda990e2423bbf4892e6590ba056729) Importer(815301076,1909f56bfc062723c751e8b465ee728b)
Start importing Assets/Scenes/game.unity using Guid(2cda990e2423bbf4892e6590ba056729) Importer(815301076,1909f56bfc062723c751e8b465ee728b)  -> (artifact id: '9d66e942744760f6bd2d3d2fb505a86e') in 0.082268 seconds 
========================================================================
Received Prepare
Registering precompiled user dll's ...
Registered in 0.063244 seconds.
Begin MonoManager ReloadAssembly
Native extension for WindowsStandalone target not found
Native extension for WebGL target not found
Refreshing native plugins compatible for Editor in 0.55 ms, found 3 plugins.
Preloading 0 native plugins for Editor in 0.00 ms.
Mono: successfully reloaded assembly
- Completed reload, in  1.849 seconds
Domain Reload Profiling:
	ReloadAssembly (1849ms)
		BeginReloadAssembly (189ms)
			ExecutionOrderSort (0ms)
			DisableScriptedObjects (9ms)
			BackupInstance (0ms)
			ReleaseScriptingObjects (0ms)
			CreateAndSetChildDomain (55ms)
		EndReloadAssembly (1554ms)
			LoadAssemblies (160ms)
			RebuildTransferFunctionScriptingTraits (0ms)
			SetupTypeCache (575ms)
			ReleaseScriptCaches (1ms)
			RebuildScriptCaches (79ms)
			SetupLoadedEditorAssemblies (508ms)
				LogAssemblyErrors (0ms)
				InitializePlatformSupportModulesInManaged (8ms)
				SetLoadedEditorAssemblies (1ms)
				RefreshPlugins (1ms)
				BeforeProcessingInitializeOnLoad (92ms)
				ProcessInitializeOnLoadAttributes (377ms)
				ProcessInitializeOnLoadMethodAttributes (18ms)
				AfterProcessingInitializeOnLoad (11ms)
				EditorAssembliesLoaded (0ms)
			ExecutionOrderSort2 (0ms)
			AwakeInstancesAfterBackupRestoration (19ms)
Platform modules already initialized, skipping
Refreshing native plugins compatible for Editor in 0.56 ms, found 3 plugins.
Preloading 0 native plugins for Editor in 0.00 ms.
Unloading 2109 Unused Serialized files (Serialized files now loaded: 0)
System memory in use before: 96.2 MB.
System memory in use after: 96.3 MB.

Unloading 15 unused Assets to reduce memory usage. Loaded Objects now: 2589.
Total: 6.803400 ms (FindLiveObjects: 0.197200 ms CreateObjectMapping: 0.174800 ms MarkObjects: 6.404700 ms  DeleteObjects: 0.024900 ms)

AssetImportParameters requested are different than current active one (requested -> active):
  custom:framework-win-MediaFoundation: 216162199b28c13a410421893ffa2e32 -> 
  custom:video-decoder-ogg-theora: a1e56fd34408186e4bbccfd4996cb3dc -> 
  custom:container-muxer-webm: aa71ff27fc2769a1b78a27578f13a17b -> 
  custom:container-demuxer-webm: 4f35f7cbe854078d1ac9338744f61a02 -> 
  custom:container-demuxer-ogg: 62fdf1f143b41e24485cea50d1cbac27 -> 
  custom:video-encoder-webm-vp8: eb34c28f22e8b96e1ab97ce403110664 -> 
  custom:video-codec-MediaFoundation-h265: 746d11721c4dcdbdad8f713fa42b33f4 -> 
  custom:video-decoder-webm-vp8: 9c59270c3fd7afecdb556c50c9e8de78 -> 
  custom:audio-decoder-ogg-vorbis: bf7c407c2cedff20999df2af8eb42d56 -> 
  custom:audio-encoder-webm-vorbis: bf7c407c2cedff20999df2af8eb42d56 -> 
========================================================================
Received Import Request.
  Time since last request: 308.828176 seconds.
  path: Assets/prefabs/Caballo.prefab
  artifactKey: Guid(93a4a96b792b7564a91e65c99c92e6ca) Importer(815301076,1909f56bfc062723c751e8b465ee728b)
Start importing Assets/prefabs/Caballo.prefab using Guid(93a4a96b792b7564a91e65c99c92e6ca) Importer(815301076,1909f56bfc062723c751e8b465ee728b)  -> (artifact id: '569d645bf560075070bc92fa5525b9a0') in 1.782116 seconds 
========================================================================
Received Import Request.
  Time since last request: 0.000315 seconds.
  path: Assets/prefabs/Bullet 2.prefab
  artifactKey: Guid(d931d82606f836640abe5c3bcc73de48) Importer(815301076,1909f56bfc062723c751e8b465ee728b)
Start importing Assets/prefabs/Bullet 2.prefab using Guid(d931d82606f836640abe5c3bcc73de48) Importer(815301076,1909f56bfc062723c751e8b465ee728b)  -> (artifact id: '47f23eff45d7b055098689ff29f06af9') in 0.037888 seconds 
========================================================================
Received Import Request.
  Time since last request: 0.000268 seconds.
  path: Assets/prefabs/Pollo.prefab
  artifactKey: Guid(3d11b04cfae3a7a4799b47e7df68b498) Importer(815301076,1909f56bfc062723c751e8b465ee728b)
Start importing Assets/prefabs/Pollo.prefab using Guid(3d11b04cfae3a7a4799b47e7df68b498) Importer(815301076,1909f56bfc062723c751e8b465ee728b)  -> (artifact id: 'b5daf9b25aa80a09ec88adbbc7e6c0e0') in 0.032002 seconds 
========================================================================
Received Import Request.
  Time since last request: 0.000286 seconds.
  path: Assets/prefabs/cow.prefab
  artifactKey: Guid(ecfb4e5c1bff2504393e4cddfb3aac97) Importer(815301076,1909f56bfc062723c751e8b465ee728b)
Start importing Assets/prefabs/cow.prefab using Guid(ecfb4e5c1bff2504393e4cddfb3aac97) Importer(815301076,1909f56bfc062723c751e8b465ee728b)  -> (artifact id: 'ec8ed132acdd607dde4993be65e451ae') in 0.027313 seconds 
========================================================================
Received Import Request.
  Time since last request: 0.000371 seconds.
  path: Assets/prefabs/Bullet.prefab
  artifactKey: Guid(b98de49ede728574da1a3e14e68e5551) Importer(815301076,1909f56bfc062723c751e8b465ee728b)
Start importing Assets/prefabs/Bullet.prefab using Guid(b98de49ede728574da1a3e14e68e5551) Importer(815301076,1909f56bfc062723c751e8b465ee728b)  -> (artifact id: '233d73837a70508bd4b68309db7681d0') in 0.024640 seconds 
========================================================================
Received Import Request.
  Time since last request: 0.000300 seconds.
  path: Assets/prefabs/Bullet 3.prefab
  artifactKey: Guid(0ec5a1b9e8803344195d931ba2aec52e) Importer(815301076,1909f56bfc062723c751e8b465ee728b)
Start importing Assets/prefabs/Bullet 3.prefab using Guid(0ec5a1b9e8803344195d931ba2aec52e) Importer(815301076,1909f56bfc062723c751e8b465ee728b)  -> (artifact id: 'a574cfde565b6fcde633638dc6a71926') in 0.026778 seconds 
========================================================================
Received Import Request.
  Time since last request: 0.000228 seconds.
  path: Assets/prefabs/dog.prefab
  artifactKey: Guid(b2d701e04b6c17e4cbabe9fc6605cf9d) Importer(815301076,1909f56bfc062723c751e8b465ee728b)
Start importing Assets/prefabs/dog.prefab using Guid(b2d701e04b6c17e4cbabe9fc6605cf9d) Importer(815301076,1909f56bfc062723c751e8b465ee728b)  -> (artifact id: '3eba9bc0056683f4f133ecb2f459e1b2') in 0.028081 seconds 
========================================================================
Received Import Request.
  Time since last request: 0.000419 seconds.
  path: Assets/prefabs/GameManager.prefab
  artifactKey: Guid(e89d9939cc34933428fcecc83ffd5bdb) Importer(815301076,1909f56bfc062723c751e8b465ee728b)
Start importing Assets/prefabs/GameManager.prefab using Guid(e89d9939cc34933428fcecc83ffd5bdb) Importer(815301076,1909f56bfc062723c751e8b465ee728b)  -> (artifact id: '4c5ad5e2db28e0aa6c058020266c85be') in 0.052410 seconds 
========================================================================
Received Import Request.
  Time since last request: 0.000278 seconds.
  path: Assets/prefabs/Conejo.prefab
  artifactKey: Guid(77feb6c587189284f851d5828b36b20b) Importer(815301076,1909f56bfc062723c751e8b465ee728b)
Start importing Assets/prefabs/Conejo.prefab using Guid(77feb6c587189284f851d5828b36b20b) Importer(815301076,1909f56bfc062723c751e8b465ee728b)  -> (artifact id: 'e01218b7979a2065bf0307d54f579325') in 0.024528 seconds 
========================================================================
Received Import Request.
  Time since last request: 5.392651 seconds.
  path: Assets/Scipts/Spaceship.cs
  artifactKey: Guid(dd90f26e9f9cccc46a3ba252e0d428e5) Importer(815301076,1909f56bfc062723c751e8b465ee728b)
Start importing Assets/Scipts/Spaceship.cs using Guid(dd90f26e9f9cccc46a3ba252e0d428e5) Importer(815301076,1909f56bfc062723c751e8b465ee728b)  -> (artifact id: 'd8f14f4500efe0c9e002b227d26dbc3b') in 0.607853 seconds 
========================================================================
Received Import Request.
  Time since last request: 22.093335 seconds.
  path: Assets/Scipts/GameManager.cs
  artifactKey: Guid(b549619d8a24f5a43bebbfe11a6d43bd) Importer(815301076,1909f56bfc062723c751e8b465ee728b)
Start importing Assets/Scipts/GameManager.cs using Guid(b549619d8a24f5a43bebbfe11a6d43bd) Importer(815301076,1909f56bfc062723c751e8b465ee728b)  -> (artifact id: 'f478139c16937cde3a6632d5123a1f4c') in 0.006445 seconds 
========================================================================
Received Import Request.
  Time since last request: 584.527366 seconds.
  path: Assets/Scipts/Bullet.cs
  artifactKey: Guid(56aaa79321bcc684c84405c6034c2d30) Importer(815301076,1909f56bfc062723c751e8b465ee728b)
Start importing Assets/Scipts/Bullet.cs using Guid(56aaa79321bcc684c84405c6034c2d30) Importer(815301076,1909f56bfc062723c751e8b465ee728b)  -> (artifact id: 'ee15c459231a2a84f6e17f665c10f980') in 2.522073 seconds 
========================================================================
Received Import Request.
  Time since last request: 14.978712 seconds.
  path: Assets/Scipts/Animal.cs
  artifactKey: Guid(a684599b0595ecf49aabe0cf75675778) Importer(815301076,1909f56bfc062723c751e8b465ee728b)
Start importing Assets/Scipts/Animal.cs using Guid(a684599b0595ecf49aabe0cf75675778) Importer(815301076,1909f56bfc062723c751e8b465ee728b)  -> (artifact id: '1d7f96bd3d2cfab1e1630ad471cd9c20') in 0.018047 seconds 
AssetImportWorkerClient::OnTransportError - code=2 error=End of file
